
Tipo: <class 'type'> - Mensaje: <class 'ValueError'>
	Error al modificar mesa
	Contexto: cerrarMesa() mesa=NONE
Tipo: <class 'type'> - Mensaje: <class 'ValueError'>
	Error al modificar mesa
	Contexto:
	Funct() = cerrarMesa()
	mesa=NONE
Tipo: <class 'type'> - Mensaje: <class 'ValueError'>
	Error al modificar mesa
	Funcion() = cerrarMesa()/mesa=NONE
Tipo: <class 'ValueError'> - Mensaje: 
	Error durante la entrada de un entero
	Contexto: Seleccione una cantidad (disponible 0):

Tipo: <class 'ValueError'> - Mensaje: 
	Error durante la entrada de un entero
	Contexto: Seleccione una cantidad (disponible 9):

Tipo: <class 'ValueError'> - Mensaje: 
	Error durante la entrada de un entero
	Contexto: Seleccione una cantidad (disponible 9):

Tipo: <class 'ValueError'> - Mensaje: 
	Error durante la entrada de un entero
	Contexto: Seleccione una cantidad (disponible 9):

Tipo: <class 'ValueError'> - Mensaje: 
	Error durante la entrada de un entero
	Contexto: Ingrese número de plato (0 para terminar):

Tipo: <class 'json.decoder.JSONDecodeError'> - Mensaje: Expecting value: line 1 column 1 (char 0)
	Error al abrir archivo con ruta precargada
	Contexto:CargarDatos(ruta)
Tipo: <class 'json.decoder.JSONDecodeError'> - Mensaje: Expecting value: line 1 column 1 (char 0)
	Error al abrir archivo con ruta precargada
	Contexto:CargarDatos(ruta)
Tipo: <class 'json.decoder.JSONDecodeError'> - Mensaje: Expecting value: line 1 column 1 (char 0)
	Error al abrir archivo con ruta precargada
	Contexto:CargarDatos(ruta)
Tipo: <class 'json.decoder.JSONDecodeError'> - Mensaje: Expecting value: line 1 column 1 (char 0)
	Error al abrir archivo con ruta precargada
	Contexto:CargarDatos(ruta)
Tipo: <class 'json.decoder.JSONDecodeError'> - Mensaje: Expecting value: line 1 column 1 (char 0)
	Error al abrir archivo con ruta precargada
	Contexto:CargarDatos(ruta)
Tipo: <class 'json.decoder.JSONDecodeError'> - Mensaje: Expecting value: line 1 column 1 (char 0)
	Error al abrir archivo con ruta precargada
	Contexto:CargarDatos(ruta)
Tipo: <class 'json.decoder.JSONDecodeError'> - Mensaje: Expecting value: line 1 column 1 (char 0)
	Error al abrir archivo con ruta precargada
	Contexto:CargarDatos(ruta)
Tipo: <class 'json.decoder.JSONDecodeError'> - Mensaje: Expecting value: line 1 column 1 (char 0)
	Error al abrir archivo con ruta precargada
	Contexto:CargarDatos(ruta)
Tipo: <class 'json.decoder.JSONDecodeError'> - Mensaje: Expecting value: line 1 column 1 (char 0)
	Error al abrir archivo con ruta precargada
	Contexto:CargarDatos(ruta)
Tipo: <class 'json.decoder.JSONDecodeError'> - Mensaje: Expecting value: line 1 column 1 (char 0)
	Error al abrir archivo con ruta precargada
	Contexto:CargarDatos(ruta)
Tipo: <class 'json.decoder.JSONDecodeError'> - Mensaje: Expecting value: line 1 column 1 (char 0)
	Error al abrir archivo con ruta precargada
	Contexto:CargarDatos(ruta)
Tipo: <class 'json.decoder.JSONDecodeError'> - Mensaje: Expecting value: line 1 column 1 (char 0)
	Error al abrir archivo con ruta precargada
	Contexto:CargarDatos(ruta)
Tipo: <class 'ValueError'> - Mensaje: 
	Error durante la entrada de un entero
	funcion()= hacerPedido/Ingrese numero de plato (0 para terminar):
Tipo: <class 'ValueError'> - Mensaje: 
	Error durante la entrada de un entero
	funcion()= hacerPedido/Ingrese numero de plato (0 para terminar):
Tipo: <class 'ValueError'> - Mensaje: 
	Error durante la entrada de un entero
	funcion()= hacerPedido/Ingrese numero de plato (0 para terminar):
Tipo: <class 'ValueError'> - Mensaje: invalid literal for int() with base 10: ''
	Error durante la entrada de un entero
	Contexto: Ingrese número de plato (0 para terminar):

Tipo: <class 'ValueError'> - Mensaje: invalid literal for int() with base 10: 'a'
	Error durante la entrada de un entero
	Contexto: Ingrese número de plato (0 para terminar):

Fecha: 2024-12-01 18:04:43.330874
Función: reservarMesa
Tipo: MesaOcupada
Mensaje: La mesa 2 ya está ocupada.
	Intento de reservar mesa ocupada: 2. Cliente actual: Ale.
Fecha: 2024-12-01 18:04:43.332874
Función: gestionarReserva
Tipo: MesaOcupada
Mensaje: La mesa 2 ya está ocupada.
	Intento de reservar una mesa ocupada: Mesa 2.
Fecha: 2024-12-01 18:07:02.404702
Función: reservarMesa
Tipo: MesaOcupada
Mensaje: La mesa 2 ya está ocupada.
	Intento de reservar mesa ocupada: 2. Cliente actual: Ale.
Fecha: 2024-12-01 18:07:02.405710
Función: gestionarReserva
Tipo: MesaOcupada
Mensaje: La mesa 2 ya está ocupada.
	Intento de reservar una mesa ocupada: Mesa 2.
Fecha: 2024-12-01 18:07:57.804620
Función: reservarMesa
Tipo: MesaOcupada
Mensaje: La mesa 2 ya está ocupada.
	Intento de reservar mesa ocupada: 2. Cliente actual: Ale.
Fecha: 2024-12-01 18:07:57.805620
Función: gestionarReserva
Tipo: MesaOcupada
Mensaje: La mesa 2 ya está ocupada.
	Intento de reservar una mesa ocupada: Mesa 2.
Fecha: 2024-12-01 18:09:45.682112
Función: reservarMesa
Tipo: MesaOcupada
Mensaje: La mesa 2 ya está ocupada.
	Intento de reservar mesa ocupada: 2. Cliente actual: Ale.
Fecha: 2024-12-01 18:09:45.684112
Función: gestionarReserva
Tipo: MesaOcupada
Mensaje: La mesa 2 ya está ocupada.
	Intento de reservar una mesa ocupada: Mesa 2.
Fecha: 2024-12-01 18:09:50.390723
Función: reservarMesa
Tipo: MesaOcupada
Mensaje: La mesa 1 ya está ocupada.
	Intento de reservar mesa ocupada: 1. Cliente actual: Dsa.
Fecha: 2024-12-01 18:09:50.391723
Función: gestionarReserva
Tipo: MesaOcupada
Mensaje: La mesa 1 ya está ocupada.
	Intento de reservar una mesa ocupada: Mesa 1.
Fecha: 2024-12-01 18:11:55.344917
Función: reservarMesa
Tipo: MesaOcupada
Mensaje: La mesa 3 ya está ocupada.
	Intento de reservar mesa ocupada: 3. Cliente actual: Ale.
Fecha: 2024-12-01 18:11:55.345909
Función: gestionarReserva
Tipo: MesaOcupada
Mensaje: La mesa 3 ya está ocupada.
	Intento de reservar una mesa ocupada: Mesa 3.
Fecha: 2024-12-01 18:22:39.019381
Función: ejecutarOpcionCliente
Tipo: TypeError
Mensaje: calcularStock() missing 1 required positional argument: 'cant'
	Error al ejecutar la opción 2 en el menú del cliente.
Fecha: 2024-12-01 18:22:41.430422
Función: ejecutarOpcionCliente
Tipo: TypeError
Mensaje: calcularStock() missing 1 required positional argument: 'cant'
	Error al ejecutar la opción 2 en el menú del cliente.
Fecha: 2024-12-01 18:23:45.047265
Función: ejecutarOpcionCliente
Tipo: TypeError
Mensaje: calcularStock() missing 1 required positional argument: 'cant'
	Error al ejecutar la opción 2 en el menú del cliente.
Fecha: 2024-12-01 18:37:45.361276
Función: reservarMesa
Tipo: MesaOcupada
Mensaje: La mesa 3 ya está ocupada.
	Intento de reservar mesa ocupada: 3. Cliente actual: Ale.
Fecha: 2024-12-01 18:37:45.362276
Función: gestionarReserva
Tipo: MesaOcupada
Mensaje: La mesa 3 ya está ocupada.
	Intento de reservar una mesa ocupada: Mesa 3.